#
# There is insufficient memory for the Java Runtime Environment to continue.
# Native memory allocation (malloc) failed to allocate 1048576 bytes for AllocateHeap
# Possible reasons:
#   The system is out of physical RAM or swap space
#   The process is running with CompressedOops enabled, and the Java Heap may be blocking the growth of the native heap
# Possible solutions:
#   Reduce memory load on the system
#   Increase physical memory or swap space
#   Check if swap backing store is full
#   Decrease Java heap size (-Xmx/-Xms)
#   Decrease number of Java threads
#   Decrease Java thread stack sizes (-Xss)
#   Set larger code cache with -XX:ReservedCodeCacheSize=
#   JVM is running with Zero Based Compressed Oops mode in which the Java heap is
#     placed in the first 32GB address space. The Java Heap base address is the
#     maximum limit for the native heap growth. Please use -XX:HeapBaseMinAddress
#     to set the Java Heap base and to place the Java Heap above 32GB virtual address.
# This output file may be truncated or incomplete.
#
#  Out of Memory Error (allocation.cpp:44), pid=1624, tid=2808
#
# JRE version: Java(TM) SE Runtime Environment (17.0.12+8) (build 17.0.12+8-LTS-286)
# Java VM: Java HotSpot(TM) 64-Bit Server VM (17.0.12+8-LTS-286, mixed mode, emulated-client, sharing, tiered, compressed oops, compressed class ptrs, g1 gc, windows-amd64)
# No core dump will be written. Minidumps are not enabled by default on client versions of Windows
#

---------------  S U M M A R Y ------------

Command Line: -XX:TieredStopAtLevel=1 -Dspring.output.ansi.enabled=always -Dcom.sun.management.jmxremote -Dspring.jmx.enabled=true -Dspring.liveBeansView.mbeanDomain -Dspring.application.admin.enabled=true -Dmanagement.endpoints.jmx.exposure.include=* -javaagent:C:\Program Files\JetBrains\IntelliJ IDEA 2024.2.4\lib\idea_rt.jar=51486:C:\Program Files\JetBrains\IntelliJ IDEA 2024.2.4\bin -Dfile.encoding=UTF-8 com.example.SpringBoot.LearningSpringBoot.LearningSpringBootApplication

Host: Intel(R) Core(TM) i5-10300H CPU @ 2.50GHz, 8 cores, 15G,  Windows 11 , 64 bit Build 26100 (10.0.26100.3912)
Time: Fri May  9 22:12:42 2025 India Standard Time elapsed time: 598.184547 seconds (0d 0h 9m 58s)

---------------  T H R E A D  ---------------

Current thread (0x000001979ac800f0):  VMThread "VM Thread" [stack: 0x000000484ca00000,0x000000484cb00000] [id=2808]

Stack: [0x000000484ca00000,0x000000484cb00000]
Native frames: (J=compiled Java code, j=interpreted, Vv=VM code, C=native code)
V  [jvm.dll+0x67a04a]
V  [jvm.dll+0x7da4ed]
V  [jvm.dll+0x7dbe33]
V  [jvm.dll+0x7dc4a3]
V  [jvm.dll+0x24508f]
V  [jvm.dll+0xa5e2b]
V  [jvm.dll+0x2f31c3]
V  [jvm.dll+0x2ef140]
V  [jvm.dll+0x2d78d7]
V  [jvm.dll+0x31a6f7]
V  [jvm.dll+0x7e0d9b]
V  [jvm.dll+0x7e1ad4]
V  [jvm.dll+0x7e1fed]
V  [jvm.dll+0x7e23c4]
V  [jvm.dll+0x7e2490]
V  [jvm.dll+0x78abea]
V  [jvm.dll+0x678f35]
C  [ucrtbase.dll+0x37b0]
C  [KERNEL32.DLL+0x2e8d7]
C  [ntdll.dll+0x9c5dc]

VM_Operation (0x000000484c1fed80): G1CollectFull, mode: safepoint, requested by thread 0x00000197e584b070


---------------  P R O C E S S  ---------------

Threads class SMR info:
_java_thread_list=0x00000197e3287600, length=15, elements={
0x000001979ac87350, 0x000001979ac87f10, 0x000001979ac9a5f0, 0x000001979ac9cfc0,
0x000001979ac9d980, 0x000001979ac9eae0, 0x000001979ac9fcf0, 0x000001979acbbc00,
0x000001979d6b0350, 0x000001979d6b1ca0, 0x000001979d6b0d70, 0x000001979d6b35f0,
0x00000197e39d0c10, 0x00000197e584ced0, 0x00000197e584b070
}

Java Threads: ( => current thread )
  0x000001979ac87350 JavaThread "Reference Handler" daemon [_thread_blocked, id=21960, stack(0x000000484cb00000,0x000000484cc00000)]
  0x000001979ac87f10 JavaThread "Finalizer" daemon [_thread_blocked, id=6268, stack(0x000000484cc00000,0x000000484cd00000)]
  0x000001979ac9a5f0 JavaThread "Signal Dispatcher" daemon [_thread_blocked, id=26444, stack(0x000000484cd00000,0x000000484ce00000)]
  0x000001979ac9cfc0 JavaThread "Attach Listener" daemon [_thread_blocked, id=12576, stack(0x000000484ce00000,0x000000484cf00000)]
  0x000001979ac9d980 JavaThread "Service Thread" daemon [_thread_blocked, id=9788, stack(0x000000484cf00000,0x000000484d000000)]
  0x000001979ac9eae0 JavaThread "Monitor Deflation Thread" daemon [_thread_blocked, id=7860, stack(0x000000484d000000,0x000000484d100000)]
  0x000001979ac9fcf0 JavaThread "C1 CompilerThread0" daemon [_thread_blocked, id=25496, stack(0x000000484d100000,0x000000484d200000)]
  0x000001979acbbc00 JavaThread "Sweeper thread" daemon [_thread_blocked, id=25856, stack(0x000000484d200000,0x000000484d300000)]
  0x000001979d6b0350 JavaThread "Common-Cleaner" daemon [_thread_blocked, id=24308, stack(0x000000484d300000,0x000000484d400000)]
  0x000001979d6b1ca0 JavaThread "Notification Thread" daemon [_thread_blocked, id=26616, stack(0x000000484d700000,0x000000484d800000)]
  0x000001979d6b0d70 JavaThread "RMI TCP Accept-0" daemon [_thread_in_native, id=25212, stack(0x000000484d800000,0x000000484d900000)]
  0x000001979d6b35f0 JavaThread "RMI Scheduler(0)" daemon [_thread_blocked, id=19724, stack(0x000000484db00000,0x000000484dc00000)]
  0x00000197e39d0c10 JavaThread "Live Reload Server" daemon [_thread_in_native, id=23356, stack(0x000000484f100000,0x000000484f200000)]
  0x00000197e584ced0 JavaThread "DestroyJavaVM" [_thread_blocked, id=18184, stack(0x000000484c400000,0x000000484c500000)]
  0x00000197e584b070 JavaThread "Thread-5" [_thread_blocked, id=24012, stack(0x000000484c100000,0x000000484c200000)]

Other Threads:
=>0x000001979ac800f0 VMThread "VM Thread" [stack: 0x000000484ca00000,0x000000484cb00000] [id=2808]
  0x00000197849e1d30 WatcherThread [stack: 0x000000484da00000,0x000000484db00000] [id=16612]
  0x000001978491e7a0 GCTaskThread "GC Thread#0" [stack: 0x000000484c500000,0x000000484c600000] [id=24452]
  0x00000197e3648740 GCTaskThread "GC Thread#1" [stack: 0x000000484dd00000,0x000000484de00000] [id=6000]
  0x00000197e3648a00 GCTaskThread "GC Thread#2" [stack: 0x000000484de00000,0x000000484df00000] [id=20088]
  0x00000197e3645a40 GCTaskThread "GC Thread#3" [stack: 0x000000484df00000,0x000000484e000000] [id=25140]
  0x00000197e3646110 GCTaskThread "GC Thread#4" [stack: 0x000000484e000000,0x000000484e100000] [id=6576]
  0x00000197e3646ff0 GCTaskThread "GC Thread#5" [stack: 0x000000484e100000,0x000000484e200000] [id=21472]
  0x00000197e3678870 GCTaskThread "GC Thread#6" [stack: 0x000000484e200000,0x000000484e300000] [id=11020]
  0x00000197e3678b30 GCTaskThread "GC Thread#7" [stack: 0x000000484e300000,0x000000484e400000] [id=26476]
  0x0000019784a9c010 ConcurrentGCThread "G1 Main Marker" [stack: 0x000000484c600000,0x000000484c700000] [id=15012]
  0x0000019784a9d1c0 ConcurrentGCThread "G1 Conc#0" [stack: 0x000000484c700000,0x000000484c800000] [id=12256]
  0x00000197e400d9d0 ConcurrentGCThread "G1 Conc#1" [stack: 0x000000484e900000,0x000000484ea00000] [id=17972]
  0x000001979abbb8d0 ConcurrentGCThread "G1 Refine#0" [stack: 0x000000484c800000,0x000000484c900000] [id=12600]
  0x00000197e3658410 ConcurrentGCThread "G1 Refine#1" [stack: 0x000000484e400000,0x000000484e500000] [id=5348]
  0x000001979abbd1b0 ConcurrentGCThread "G1 Service" [stack: 0x000000484c900000,0x000000484ca00000] [id=13348]

Threads with active compile tasks:
C1 CompilerThread0   598201 5488  s    1       org.apache.catalina.util.LifecycleBase::setStateInternal (144 bytes)

VM state: at safepoint (normal execution)

VM Mutex/Monitor currently owned by a thread:  ([mutex/lock_event])
[0x0000019784865cf0] Threads_lock - owner thread: 0x000001979ac800f0
[0x00000197849df8b0] Heap_lock - owner thread: 0x00000197e584b070

Heap address: 0x0000000702800000, size: 4056 MB, Compressed Oops mode: Zero based, Oop shift amount: 3

CDS archive(s) mapped at: [0x000001979e000000-0x000001979ebd0000-0x000001979ebd0000), size 12386304, SharedBaseAddress: 0x000001979e000000, ArchiveRelocationMode: 1.
Compressed class space mapped at: 0x000001979f000000-0x00000197df000000, reserved size: 1073741824
Narrow klass base: 0x000001979e000000, Narrow klass shift: 0, Narrow klass range: 0x100000000

GC Precious Log:
 CPUs: 8 total, 8 available
 Memory: 16221M
 Large Page Support: Disabled
 NUMA Support: Disabled
 Compressed Oops: Enabled (Zero based)
 Heap Region Size: 2M
 Heap Min Capacity: 8M
 Heap Initial Capacity: 254M
 Heap Max Capacity: 4056M
 Pre-touch: Disabled
 Parallel Workers: 8
 Concurrent Workers: 2
 Concurrent Refinement Workers: 8
 Periodic GC: Disabled

Heap:
 garbage-first heap   total 81920K, used 33066K [0x0000000702800000, 0x0000000800000000)
  region size 2048K, 4 young (8192K), 1 survivors (2048K)
 Metaspace       used 63977K, committed 64640K, reserved 1114112K
  class space    used 9276K, committed 9600K, reserved 1048576K

Heap Regions: E=young(eden), S=young(survivor), O=old, HS=humongous(starts), HC=humongous(continues), CS=collection set, F=free, OA=open archive, CA=closed archive, TAMS=top-at-mark-start (previous, next)
|   0|0x0000000702800000, 0x0000000702a00000, 0x0000000702a00000|100%| O|  |TAMS 0x0000000702a00000, 0x0000000702800000| Untracked 
|   1|0x0000000702a00000, 0x0000000702c00000, 0x0000000702c00000|100%| O|  |TAMS 0x0000000702c00000, 0x0000000702a00000| Untracked 
|   2|0x0000000702c00000, 0x0000000702e00000, 0x0000000702e00000|100%| O|  |TAMS 0x0000000702e00000, 0x0000000702c00000| Untracked 
|   3|0x0000000702e00000, 0x0000000703000000, 0x0000000703000000|100%| O|  |TAMS 0x0000000703000000, 0x0000000702e00000| Untracked 
|   4|0x0000000703000000, 0x0000000703200000, 0x0000000703200000|100%| O|  |TAMS 0x0000000703200000, 0x0000000703000000| Untracked 
|   5|0x0000000703200000, 0x0000000703400000, 0x0000000703400000|100%| O|  |TAMS 0x0000000703400000, 0x0000000703200000| Untracked 
|   6|0x0000000703400000, 0x0000000703600000, 0x0000000703600000|100%| O|  |TAMS 0x0000000703600000, 0x0000000703400000| Untracked 
|   7|0x0000000703600000, 0x0000000703800000, 0x0000000703800000|100%| O|  |TAMS 0x0000000703800000, 0x0000000703600000| Untracked 
|   8|0x0000000703800000, 0x0000000703a00000, 0x0000000703a00000|100%| O|  |TAMS 0x0000000703800000, 0x0000000703800000| Untracked 
|   9|0x0000000703a00000, 0x0000000703c00000, 0x0000000703c00000|100%| O|  |TAMS 0x0000000703c00000, 0x0000000703a00000| Untracked 
|  10|0x0000000703c00000, 0x0000000703e00000, 0x0000000703e00000|100%| O|  |TAMS 0x0000000703e00000, 0x0000000703c00000| Untracked 
|  11|0x0000000703e00000, 0x0000000704000000, 0x0000000704000000|100%| O|  |TAMS 0x0000000703e58800, 0x0000000703e00000| Untracked 
|  12|0x0000000704000000, 0x0000000704200000, 0x0000000704200000|100%| O|  |TAMS 0x0000000704200000, 0x0000000704000000| Untracked 
|  13|0x0000000704200000, 0x000000070427ba00, 0x0000000704400000| 24%| O|  |TAMS 0x0000000704200000, 0x0000000704200000| Untracked 
|  14|0x0000000704400000, 0x0000000704400000, 0x0000000704600000|  0%| F|  |TAMS 0x0000000704400000, 0x0000000704400000| Untracked 
|  15|0x0000000704600000, 0x0000000704600000, 0x0000000704800000|  0%| F|  |TAMS 0x0000000704600000, 0x0000000704600000| Untracked 
|  16|0x0000000704800000, 0x0000000704800000, 0x0000000704a00000|  0%| F|  |TAMS 0x0000000704800000, 0x0000000704800000| Untracked 
|  17|0x0000000704a00000, 0x0000000704a00000, 0x0000000704c00000|  0%| F|  |TAMS 0x0000000704a00000, 0x0000000704a00000| Untracked 
|  18|0x0000000704c00000, 0x0000000704c00000, 0x0000000704e00000|  0%| F|  |TAMS 0x0000000704c00000, 0x0000000704c00000| Untracked 
|  19|0x0000000704e00000, 0x0000000704e00000, 0x0000000705000000|  0%| F|  |TAMS 0x0000000704e00000, 0x0000000704e00000| Untracked 
|  20|0x0000000705000000, 0x0000000705000000, 0x0000000705200000|  0%| F|  |TAMS 0x0000000705000000, 0x0000000705000000| Untracked 
|  21|0x0000000705200000, 0x0000000705200000, 0x0000000705400000|  0%| F|  |TAMS 0x0000000705200000, 0x0000000705200000| Untracked 
|  22|0x0000000705400000, 0x00000007055cf1a8, 0x0000000705600000| 90%| S|CS|TAMS 0x0000000705400000, 0x0000000705400000| Complete 
|  23|0x0000000705600000, 0x0000000705600000, 0x0000000705800000|  0%| F|  |TAMS 0x0000000705600000, 0x0000000705600000| Untracked 
|  24|0x0000000705800000, 0x0000000705800000, 0x0000000705a00000|  0%| F|  |TAMS 0x0000000705800000, 0x0000000705800000| Untracked 
|  25|0x0000000705a00000, 0x0000000705a00000, 0x0000000705c00000|  0%| F|  |TAMS 0x0000000705a00000, 0x0000000705a00000| Untracked 
|  26|0x0000000705c00000, 0x0000000705c00000, 0x0000000705e00000|  0%| F|  |TAMS 0x0000000705c00000, 0x0000000705c00000| Untracked 
|  27|0x0000000705e00000, 0x0000000705e00000, 0x0000000706000000|  0%| F|  |TAMS 0x0000000705e00000, 0x0000000705e00000| Untracked 
|  28|0x0000000706000000, 0x0000000706000000, 0x0000000706200000|  0%| F|  |TAMS 0x0000000706000000, 0x0000000706000000| Untracked 
|  29|0x0000000706200000, 0x0000000706200000, 0x0000000706400000|  0%| F|  |TAMS 0x0000000706200000, 0x0000000706200000| Untracked 
|  30|0x0000000706400000, 0x0000000706400000, 0x0000000706600000|  0%| F|  |TAMS 0x0000000706400000, 0x0000000706400000| Untracked 
|  31|0x0000000706600000, 0x0000000706600000, 0x0000000706800000|  0%| F|  |TAMS 0x0000000706600000, 0x0000000706600000| Untracked 
|  32|0x0000000706800000, 0x0000000706800000, 0x0000000706a00000|  0%| F|  |TAMS 0x0000000706800000, 0x0000000706800000| Untracked 
|  33|0x0000000706a00000, 0x0000000706a00000, 0x0000000706c00000|  0%| F|  |TAMS 0x0000000706a00000, 0x0000000706a00000| Untracked 
|  34|0x0000000706c00000, 0x0000000706c00000, 0x0000000706e00000|  0%| F|  |TAMS 0x0000000706c00000, 0x0000000706c00000| Untracked 
|  35|0x0000000706e00000, 0x0000000706e00000, 0x0000000707000000|  0%| F|  |TAMS 0x0000000706e00000, 0x0000000706e00000| Untracked 
|  36|0x0000000707000000, 0x0000000707000000, 0x0000000707200000|  0%| F|  |TAMS 0x0000000707000000, 0x0000000707000000| Untracked 
|  37|0x0000000707200000, 0x0000000707307d20, 0x0000000707400000| 51%| E|  |TAMS 0x0000000707200000, 0x0000000707200000| Complete 
|  73|0x000000070ba00000, 0x000000070bc00000, 0x000000070bc00000|100%| E|CS|TAMS 0x000000070ba00000, 0x000000070ba00000| Complete 
| 126|0x0000000712400000, 0x0000000712600000, 0x0000000712600000|100%| E|CS|TAMS 0x0000000712400000, 0x0000000712400000| Complete 

Card table byte_map: [0x0000019791bb0000,0x00000197923a0000] _byte_map_base: 0x000001978e39c000

Marking Bits (Prev, Next): (CMBitMap*) 0x0000019784a4d4d0, (CMBitMap*) 0x0000019784a4d490
 Prev Bits: [0x0000019796af0000, 0x000001979aa50000)
 Next Bits: [0x0000019792b90000, 0x0000019796af0000)

Polling page: 0x0000019784aa0000

Metaspace:

Usage:
  Non-class:     53.42 MB used.
      Class:      9.06 MB used.
       Both:     62.48 MB used.

Virtual space:
  Non-class space:       64.00 MB reserved,      53.75 MB ( 84%) committed,  1 nodes.
      Class space:        1.00 GB reserved,       9.38 MB ( <1%) committed,  1 nodes.
             Both:        1.06 GB reserved,      63.12 MB (  6%) committed. 

Chunk freelists:
   Non-Class:  10.21 MB
       Class:  6.58 MB
        Both:  16.79 MB

MaxMetaspaceSize: unlimited
CompressedClassSpaceSize: 1.00 GB
Initial GC threshold: 21.00 MB
Current GC threshold: 92.81 MB
CDS: on
MetaspaceReclaimPolicy: balanced
 - commit_granule_bytes: 65536.
 - commit_granule_words: 8192.
 - virtual_space_node_default_size: 8388608.
 - enlarge_chunks_in_place: 1.
 - new_chunks_are_fully_committed: 0.
 - uncommit_free_chunks: 1.
 - use_allocation_guard: 0.
 - handle_deallocations: 1.


Internal statistics:

num_allocs_failed_limit: 9.
num_arena_births: 928.
num_arena_deaths: 0.
num_vsnodes_births: 2.
num_vsnodes_deaths: 0.
num_space_committed: 1010.
num_space_uncommitted: 0.
num_chunks_returned_to_freelist: 9.
num_chunks_taken_from_freelist: 3338.
num_chunk_merges: 9.
num_chunk_splits: 2403.
num_chunks_enlarged: 1838.
num_inconsistent_stats: 0.

CodeCache: size=49152Kb used=9975Kb max_used=10880Kb free=39176Kb
 bounds [0x000001978dc50000, 0x000001978e770000, 0x0000019790c50000]
 total_blobs=6150 nmethods=5487 adapters=590
 compilation: enabled
              stopped_count=0, restarted_count=0
 full_count=0

Compilation events (20 events):
Event: 596.927 Thread 0x000001979ac9fcf0 nmethod 5478 0x000001978ddabd90 code [0x000001978ddabf20, 0x000001978ddabff8]
Event: 597.165 Thread 0x000001979ac9fcf0 5479       1       org.apache.tomcat.util.net.AbstractEndpoint::isPaused (5 bytes)
Event: 597.165 Thread 0x000001979ac9fcf0 nmethod 5479 0x000001978ddaba90 code [0x000001978ddabc20, 0x000001978ddabcf8]
Event: 597.169 Thread 0x000001979ac9fcf0 5480       1       org.hibernate.service.spi.ServiceBinding::getLifecycleOwner (5 bytes)
Event: 597.170 Thread 0x000001979ac9fcf0 nmethod 5480 0x000001978ddab790 code [0x000001978ddab920, 0x000001978ddab9f8]
Event: 597.171 Thread 0x000001979ac9fcf0 5481       1       org.h2.message.Trace::isEnabled (33 bytes)
Event: 597.171 Thread 0x000001979ac9fcf0 nmethod 5481 0x000001978ddab290 code [0x000001978ddab440, 0x000001978ddab628]
Event: 597.171 Thread 0x000001979ac9fcf0 5482       1       org.h2.message.TraceSystem::isEnabled (33 bytes)
Event: 597.171 Thread 0x000001979ac9fcf0 nmethod 5482 0x000001978ddaae10 code [0x000001978ddaafc0, 0x000001978ddab1a8]
Event: 597.174 Thread 0x000001979ac9fcf0 5483       1       java.lang.invoke.LambdaFormEditor::addArgumentForm (121 bytes)
Event: 597.175 Thread 0x000001979ac9fcf0 nmethod 5483 0x000001978ddaa610 code [0x000001978ddaa820, 0x000001978ddaab78]
Event: 597.175 Thread 0x000001979ac9fcf0 5484       1       ch.qos.logback.core.pattern.DynamicConverter::getFirstOption (35 bytes)
Event: 597.175 Thread 0x000001979ac9fcf0 nmethod 5484 0x000001978ddaa210 code [0x000001978ddaa3c0, 0x000001978ddaa558]
Event: 597.175 Thread 0x000001979ac9fcf0 5485       1       ch.qos.logback.core.pattern.CompositeConverter::convert (43 bytes)
Event: 597.175 Thread 0x000001979ac9fcf0 nmethod 5485 0x000001978dda9b10 code [0x000001978dda9ce0, 0x000001978ddaa068]
Event: 597.176 Thread 0x000001979ac9fcf0 5486       1       java.util.concurrent.atomic.AtomicIntegerFieldUpdater$AtomicIntegerFieldUpdaterImpl::accessCheck (17 bytes)
Event: 597.176 Thread 0x000001979ac9fcf0 nmethod 5486 0x000001978dda9790 code [0x000001978dda9920, 0x000001978dda9a48]
Event: 597.180 Thread 0x000001979ac9fcf0 5487       1       org.apache.juli.logging.DirectJDKLog::isDebugEnabled (11 bytes)
Event: 597.181 Thread 0x000001979ac9fcf0 nmethod 5487 0x000001978dda9390 code [0x000001978dda9520, 0x000001978dda9638]
Event: 597.181 Thread 0x000001979ac9fcf0 5488  s    1       org.apache.catalina.util.LifecycleBase::setStateInternal (144 bytes)

GC Heap History (20 events):
Event: 1.473 GC heap before
{Heap before GC invocations=5 (full 0):
 garbage-first heap   total 61440K, used 17818K [0x0000000702800000, 0x0000000800000000)
  region size 2048K, 5 young (10240K), 4 survivors (8192K)
 Metaspace       used 23964K, committed 24320K, reserved 1114112K
  class space    used 3360K, committed 3520K, reserved 1048576K
}
Event: 1.477 GC heap after
{Heap after GC invocations=6 (full 0):
 garbage-first heap   total 61440K, used 16561K [0x0000000702800000, 0x0000000800000000)
  region size 2048K, 1 young (2048K), 1 survivors (2048K)
 Metaspace       used 23964K, committed 24320K, reserved 1114112K
  class space    used 3360K, committed 3520K, reserved 1048576K
}
Event: 1.714 GC heap before
{Heap before GC invocations=6 (full 0):
 garbage-first heap   total 61440K, used 39089K [0x0000000702800000, 0x0000000800000000)
  region size 2048K, 12 young (24576K), 1 survivors (2048K)
 Metaspace       used 26817K, committed 27264K, reserved 1114112K
  class space    used 3811K, committed 4032K, reserved 1048576K
}
Event: 1.715 GC heap after
{Heap after GC invocations=7 (full 0):
 garbage-first heap   total 61440K, used 17243K [0x0000000702800000, 0x0000000800000000)
  region size 2048K, 1 young (2048K), 1 survivors (2048K)
 Metaspace       used 26817K, committed 27264K, reserved 1114112K
  class space    used 3811K, committed 4032K, reserved 1048576K
}
Event: 1.949 GC heap before
{Heap before GC invocations=7 (full 0):
 garbage-first heap   total 61440K, used 39771K [0x0000000702800000, 0x0000000800000000)
  region size 2048K, 13 young (26624K), 1 survivors (2048K)
 Metaspace       used 30367K, committed 30848K, reserved 1114112K
  class space    used 4312K, committed 4544K, reserved 1048576K
}
Event: 1.951 GC heap after
{Heap after GC invocations=8 (full 0):
 garbage-first heap   total 61440K, used 19341K [0x0000000702800000, 0x0000000800000000)
  region size 2048K, 2 young (4096K), 2 survivors (4096K)
 Metaspace       used 30367K, committed 30848K, reserved 1114112K
  class space    used 4312K, committed 4544K, reserved 1048576K
}
Event: 2.155 GC heap before
{Heap before GC invocations=8 (full 0):
 garbage-first heap   total 61440K, used 41869K [0x0000000702800000, 0x0000000800000000)
  region size 2048K, 13 young (26624K), 2 survivors (4096K)
 Metaspace       used 33718K, committed 34176K, reserved 1114112K
  class space    used 4786K, committed 4992K, reserved 1048576K
}
Event: 2.159 GC heap after
{Heap after GC invocations=9 (full 0):
 garbage-first heap   total 161792K, used 20614K [0x0000000702800000, 0x0000000800000000)
  region size 2048K, 1 young (2048K), 1 survivors (2048K)
 Metaspace       used 33718K, committed 34176K, reserved 1114112K
  class space    used 4786K, committed 4992K, reserved 1048576K
}
Event: 2.263 GC heap before
{Heap before GC invocations=9 (full 0):
 garbage-first heap   total 161792K, used 28806K [0x0000000702800000, 0x0000000800000000)
  region size 2048K, 6 young (12288K), 1 survivors (2048K)
 Metaspace       used 35716K, committed 36160K, reserved 1114112K
  class space    used 5100K, committed 5312K, reserved 1048576K
}
Event: 2.265 GC heap after
{Heap after GC invocations=10 (full 0):
 garbage-first heap   total 161792K, used 20656K [0x0000000702800000, 0x0000000800000000)
  region size 2048K, 1 young (2048K), 1 survivors (2048K)
 Metaspace       used 35716K, committed 36160K, reserved 1114112K
  class space    used 5100K, committed 5312K, reserved 1048576K
}
Event: 2.704 GC heap before
{Heap before GC invocations=11 (full 0):
 garbage-first heap   total 81920K, used 67760K [0x0000000702800000, 0x0000000800000000)
  region size 2048K, 24 young (49152K), 1 survivors (2048K)
 Metaspace       used 46803K, committed 47296K, reserved 1114112K
  class space    used 6627K, committed 6848K, reserved 1048576K
}
Event: 2.706 GC heap after
{Heap after GC invocations=12 (full 0):
 garbage-first heap   total 81920K, used 23011K [0x0000000702800000, 0x0000000800000000)
  region size 2048K, 2 young (4096K), 2 survivors (4096K)
 Metaspace       used 46803K, committed 47296K, reserved 1114112K
  class space    used 6627K, committed 6848K, reserved 1048576K
}
Event: 2.715 GC heap before
{Heap before GC invocations=12 (full 0):
 garbage-first heap   total 81920K, used 25059K [0x0000000702800000, 0x0000000800000000)
  region size 2048K, 3 young (6144K), 2 survivors (4096K)
 Metaspace       used 46837K, committed 47296K, reserved 1114112K
  class space    used 6642K, committed 6848K, reserved 1048576K
}
Event: 2.718 GC heap after
{Heap after GC invocations=13 (full 0):
 garbage-first heap   total 81920K, used 23412K [0x0000000702800000, 0x0000000800000000)
  region size 2048K, 1 young (2048K), 1 survivors (2048K)
 Metaspace       used 46837K, committed 47296K, reserved 1114112K
  class space    used 6642K, committed 6848K, reserved 1048576K
}
Event: 3.097 GC heap before
{Heap before GC invocations=13 (full 0):
 garbage-first heap   total 81920K, used 60276K [0x0000000702800000, 0x0000000800000000)
  region size 2048K, 19 young (38912K), 1 survivors (2048K)
 Metaspace       used 56038K, committed 56704K, reserved 1114112K
  class space    used 8081K, committed 8384K, reserved 1048576K
}
Event: 3.098 GC heap after
{Heap after GC invocations=14 (full 0):
 garbage-first heap   total 81920K, used 24308K [0x0000000702800000, 0x0000000800000000)
  region size 2048K, 1 young (2048K), 1 survivors (2048K)
 Metaspace       used 56038K, committed 56704K, reserved 1114112K
  class space    used 8081K, committed 8384K, reserved 1048576K
}
Event: 3.476 GC heap before
{Heap before GC invocations=15 (full 0):
 garbage-first heap   total 81920K, used 63220K [0x0000000702800000, 0x0000000800000000)
  region size 2048K, 20 young (40960K), 1 survivors (2048K)
 Metaspace       used 61657K, committed 62272K, reserved 1114112K
  class space    used 8923K, committed 9216K, reserved 1048576K
}
Event: 3.480 GC heap after
{Heap after GC invocations=16 (full 0):
 garbage-first heap   total 81920K, used 27464K [0x0000000702800000, 0x0000000800000000)
  region size 2048K, 3 young (6144K), 3 survivors (6144K)
 Metaspace       used 61657K, committed 62272K, reserved 1114112K
  class space    used 8923K, committed 9216K, reserved 1048576K
}
Event: 464.670 GC heap before
{Heap before GC invocations=16 (full 0):
 garbage-first heap   total 81920K, used 62280K [0x0000000702800000, 0x0000000800000000)
  region size 2048K, 20 young (40960K), 3 survivors (6144K)
 Metaspace       used 63836K, committed 64576K, reserved 1114112K
  class space    used 9248K, committed 9600K, reserved 1048576K
}
Event: 464.676 GC heap after
{Heap after GC invocations=17 (full 0):
 garbage-first heap   total 81920K, used 28970K [0x0000000702800000, 0x0000000800000000)
  region size 2048K, 1 young (2048K), 1 survivors (2048K)
 Metaspace       used 63836K, committed 64576K, reserved 1114112K
  class space    used 9248K, committed 9600K, reserved 1048576K
}

Deoptimization events (0 events):
No events

Classes unloaded (0 events):
No events

Classes redefined (0 events):
No events

Internal exceptions (20 events):
Event: 3.374 Thread 0x00000197e39d3490 Exception <a 'java/lang/reflect/InvocationTargetException'{0x0000000705ac2870}> (0x0000000705ac2870) 
thrown [s\open\src\hotspot\share\runtime\reflection.cpp, line 1121]
Event: 3.459 Thread 0x000001979d6afe40 Exception <a 'sun/nio/fs/WindowsException'{0x000000070524ea58}> (0x000000070524ea58) 
thrown [s\open\src\hotspot\share\prims\jni.cpp, line 516]
Event: 3.490 Thread 0x000001979d6afe40 Exception <a 'java/lang/IncompatibleClassChangeError'{0x0000000712501b70}: Found class java.lang.Object, but interface was expected> (0x0000000712501b70) 
thrown [s\open\src\hotspot\share\interpreter\linkResolver.cpp, line 826]
Event: 3.511 Thread 0x000001979d6afe40 Exception <a 'java/lang/NoSuchMethodError'{0x000000070bae1510}: 'void java.lang.invoke.DirectMethodHandle$Holder.invokeVirtual(java.lang.Object, java.lang.Object, long)'> (0x000000070bae1510) 
thrown [s\open\src\hotspot\share\interpreter\linkResolver.cpp, line 759]
Event: 3.535 Thread 0x000001979d6afe40 Exception <a 'java/lang/NoSuchMethodError'{0x00000007073a91b8}: 'int java.lang.invoke.DirectMethodHandle$Holder.invokeStaticInit(java.lang.Object, java.lang.Object, java.lang.Object, java.lang.Object)'> (0x00000007073a91b8) 
thrown [s\open\src\hotspot\share\interpreter\linkResolver.cpp, line 759]
Event: 3.549 Thread 0x000001979d6afe40 Exception <a 'java/lang/NoSuchMethodError'{0x000000070712e750}: 'java.lang.Object java.lang.invoke.Invokers$Holder.invoke_MT(java.lang.Object, java.lang.Object, java.lang.Object, java.lang.Object, java.lang.Object, java.lang.Object, java.lang.Object, java.lang.Object, java.lang.Object)'> (0x000000070712e750) 
thrown [s\open\src\hotspot\share\interpreter\linkResolver.cpp, line 759]
Event: 3.568 Thread 0x000001979d6afe40 Exception <a 'java/lang/IncompatibleClassChangeError'{0x0000000706f14530}: Found class java.lang.Object, but interface was expected> (0x0000000706f14530) 
thrown [s\open\src\hotspot\share\interpreter\linkResolver.cpp, line 826]
Event: 3.585 Thread 0x000001979d6afe40 Exception <a 'java/lang/NoSuchMethodError'{0x0000000706ca2530}: 'java.lang.Object java.lang.invoke.DirectMethodHandle$Holder.invokeSpecial(java.lang.Object, java.lang.Object, java.lang.Object, java.lang.Object, java.lang.Object, java.lang.Object, java.lang.Object, java.lang.Object, java.lang.Object, java.lang.Object, java.lang.Object)'> (0x0000000706ca2530) 
thrown [s\open\src\hotspot\share\interpreter\linkResolver.cpp, line 759]
Event: 3.585 Thread 0x000001979d6afe40 Exception <a 'java/lang/NoSuchMethodError'{0x0000000706ca6960}: 'java.lang.Object java.lang.invoke.Invokers$Holder.invoke_MT(java.lang.Object, java.lang.Object, java.lang.Object, java.lang.Object, java.lang.Object, java.lang.Object, java.lang.Object, java.lang.Object, java.lang.Object, java.lang.Object, java.lang.Object)'> (0x0000000706ca6960) 
thrown [s\open\src\hotspot\share\interpreter\linkResolver.cpp, line 759]
Event: 3.633 Thread 0x000001979d6afe40 Exception <a 'java/lang/NoSuchMethodError'{0x0000000706862100}: 'java.lang.Object java.lang.invoke.DirectMethodHandle$Holder.newInvokeSpecial(java.lang.Object, java.lang.Object, int, java.lang.Object, java.lang.Object)'> (0x0000000706862100) 
thrown [s\open\src\hotspot\share\interpreter\linkResolver.cpp, line 759]
Event: 166.941 Thread 0x000001979d6b30e0 Exception <a 'sun/net/ConnectionResetException'{0x0000000705c6eac8}: Connection reset> (0x0000000705c6eac8) 
thrown [s\open\src\hotspot\share\prims\jni.cpp, line 535]
Event: 166.945 Thread 0x000001979d6b1790 Exception <a 'sun/net/ConnectionResetException'{0x0000000705c8cea8}: Connection reset> (0x0000000705c8cea8) 
thrown [s\open\src\hotspot\share\prims\jni.cpp, line 535]
Event: 596.911 Thread 0x00000197e39d3eb0 Exception <a 'java/io/IOException'{0x000000070bb84a68}> (0x000000070bb84a68) 
thrown [s\open\src\hotspot\share\prims\jni.cpp, line 516]
Event: 596.915 Thread 0x00000197e584b070 Exception <a 'java/io/IOException'{0x000000070bbc7c80}> (0x000000070bbc7c80) 
thrown [s\open\src\hotspot\share\prims\jni.cpp, line 516]
Event: 597.166 Thread 0x00000197e5850b90 Exception <a 'java/io/IOException'{0x000000070bbe3e00}> (0x000000070bbe3e00) 
thrown [s\open\src\hotspot\share\prims\jni.cpp, line 516]
Event: 597.169 Thread 0x00000197e584b070 Exception <a 'java/io/IOException'{0x0000000707266688}> (0x0000000707266688) 
thrown [s\open\src\hotspot\share\prims\jni.cpp, line 516]
Event: 597.175 Thread 0x00000197e584b070 Exception <a 'java/io/IOException'{0x000000070729c8b0}> (0x000000070729c8b0) 
thrown [s\open\src\hotspot\share\prims\jni.cpp, line 516]
Event: 597.175 Thread 0x00000197e584b070 Exception <a 'java/io/IOException'{0x00000007072a5718}> (0x00000007072a5718) 
thrown [s\open\src\hotspot\share\prims\jni.cpp, line 516]
Event: 597.177 Thread 0x00000197e584b070 Exception <a 'java/io/IOException'{0x00000007072b3658}> (0x00000007072b3658) 
thrown [s\open\src\hotspot\share\prims\jni.cpp, line 516]
Event: 597.181 Thread 0x00000197e39d1120 Exception <a 'java/lang/InterruptedException'{0x00000007072ead20}: sleep interrupted> (0x00000007072ead20) 
thrown [s\open\src\hotspot\share\prims\jvm.cpp, line 3064]

VM Operations (20 events):
Event: 130.854 Executing VM operation: Cleanup done
Event: 154.036 Executing VM operation: Cleanup
Event: 154.036 Executing VM operation: Cleanup done
Event: 191.381 Executing VM operation: Cleanup
Event: 191.381 Executing VM operation: Cleanup done
Event: 192.388 Executing VM operation: Cleanup
Event: 192.388 Executing VM operation: Cleanup done
Event: 201.489 Executing VM operation: Cleanup
Event: 201.489 Executing VM operation: Cleanup done
Event: 202.490 Executing VM operation: Cleanup
Event: 202.490 Executing VM operation: Cleanup done
Event: 203.501 Executing VM operation: Cleanup
Event: 203.501 Executing VM operation: Cleanup done
Event: 300.682 Executing VM operation: HandshakeAllThreads
Event: 300.682 Executing VM operation: HandshakeAllThreads done
Event: 464.670 Executing VM operation: G1CollectForAllocation
Event: 464.676 Executing VM operation: G1CollectForAllocation done
Event: 533.281 Executing VM operation: Cleanup
Event: 533.281 Executing VM operation: Cleanup done
Event: 597.181 Executing VM operation: G1CollectFull

Events (20 events):
Event: 597.167 Thread 0x00000197e584b580 Thread exited: 0x00000197e584b580
Event: 597.167 Thread 0x00000197e584d8f0 Thread exited: 0x00000197e584d8f0
Event: 597.167 Thread 0x00000197e39d1b40 Thread exited: 0x00000197e39d1b40
Event: 597.167 Thread 0x00000197e39d1630 Thread exited: 0x00000197e39d1630
Event: 597.170 loading class java/util/AbstractMap$2
Event: 597.170 loading class java/util/AbstractMap$2 done
Event: 597.170 loading class java/util/AbstractMap$2$1
Event: 597.170 loading class java/util/AbstractMap$2$1 done
Event: 597.175 loading class jdk/internal/reflect/UnsafeQualifiedObjectFieldAccessorImpl
Event: 597.175 loading class jdk/internal/reflect/UnsafeQualifiedFieldAccessorImpl
Event: 597.175 loading class jdk/internal/reflect/UnsafeQualifiedFieldAccessorImpl done
Event: 597.175 loading class jdk/internal/reflect/UnsafeQualifiedObjectFieldAccessorImpl done
Event: 597.176 Thread 0x00000197e584b580 Thread added: 0x00000197e584b580
Event: 597.176 Thread 0x00000197e39d2560 Thread exited: 0x00000197e39d2560
Event: 597.176 Thread 0x00000197e584b580 Thread exited: 0x00000197e584b580
Event: 597.180 loading class java/util/WeakHashMap$KeyIterator
Event: 597.180 loading class java/util/WeakHashMap$KeyIterator done
Event: 597.181 Thread 0x00000197e39d2050 Thread exited: 0x00000197e39d2050
Event: 597.181 Thread 0x00000197e39d2f80 Thread exited: 0x00000197e39d2f80
Event: 597.181 Thread 0x00000197e39d1120 Thread exited: 0x00000197e39d1120


Dynamic libraries:
0x00007ff68bb20000 - 0x00007ff68bb30000 	C:\Program Files\Java\jdk-17\bin\java.exe
0x00007ffc1a980000 - 0x00007ffc1abe6000 	C:\WINDOWS\SYSTEM32\ntdll.dll
0x00007ffc1a740000 - 0x00007ffc1a809000 	C:\WINDOWS\System32\KERNEL32.DLL
0x00007ffc18220000 - 0x00007ffc185ec000 	C:\WINDOWS\System32\KERNELBASE.dll
0x00007ffc180d0000 - 0x00007ffc1821b000 	C:\WINDOWS\System32\ucrtbase.dll
0x00007ffc12ad0000 - 0x00007ffc12ae9000 	C:\Program Files\Java\jdk-17\bin\jli.dll
0x00007ffc11150000 - 0x00007ffc1116b000 	C:\Program Files\Java\jdk-17\bin\VCRUNTIME140.dll
0x00007ffc1a120000 - 0x00007ffc1a1d2000 	C:\WINDOWS\System32\ADVAPI32.dll
0x00007ffc1a300000 - 0x00007ffc1a3a9000 	C:\WINDOWS\System32\msvcrt.dll
0x00007ffc1a810000 - 0x00007ffc1a8b6000 	C:\WINDOWS\System32\sechost.dll
0x00007ffc1a1e0000 - 0x00007ffc1a2f6000 	C:\WINDOWS\System32\RPCRT4.dll
0x00007ffc187f0000 - 0x00007ffc189ba000 	C:\WINDOWS\System32\USER32.dll
0x00007ffc17b10000 - 0x00007ffc17b37000 	C:\WINDOWS\System32\win32u.dll
0x00007ffbfe800000 - 0x00007ffbfea9a000 	C:\WINDOWS\WinSxS\amd64_microsoft.windows.common-controls_6595b64144ccf1df_6.0.26100.3912_none_3e07963ce335137e\COMCTL32.dll
0x00007ffc18a50000 - 0x00007ffc18a7b000 	C:\WINDOWS\System32\GDI32.dll
0x00007ffc17c00000 - 0x00007ffc17d32000 	C:\WINDOWS\System32\gdi32full.dll
0x00007ffc18690000 - 0x00007ffc18733000 	C:\WINDOWS\System32\msvcp_win.dll
0x00007ffc0f0e0000 - 0x00007ffc0f0eb000 	C:\WINDOWS\SYSTEM32\VERSION.dll
0x00007ffc19760000 - 0x00007ffc19790000 	C:\WINDOWS\System32\IMM32.DLL
0x00007ffc12510000 - 0x00007ffc1251c000 	C:\Program Files\Java\jdk-17\bin\vcruntime140_1.dll
0x00007ffc09340000 - 0x00007ffc093ce000 	C:\Program Files\Java\jdk-17\bin\msvcp140.dll
0x00007ffbb4fd0000 - 0x00007ffbb5bb0000 	C:\Program Files\Java\jdk-17\bin\server\jvm.dll
0x00007ffc18e60000 - 0x00007ffc18e68000 	C:\WINDOWS\System32\PSAPI.DLL
0x00007ffc07ac0000 - 0x00007ffc07aca000 	C:\WINDOWS\SYSTEM32\WSOCK32.dll
0x00007ffc012e0000 - 0x00007ffc01316000 	C:\WINDOWS\SYSTEM32\WINMM.dll
0x00007ffc19140000 - 0x00007ffc191b4000 	C:\WINDOWS\System32\WS2_32.dll
0x00007ffc169d0000 - 0x00007ffc169ea000 	C:\WINDOWS\SYSTEM32\kernel.appcore.dll
0x00007ffc0fd70000 - 0x00007ffc0fd7a000 	C:\Program Files\Java\jdk-17\bin\jimage.dll
0x00007ffc15290000 - 0x00007ffc154d1000 	C:\WINDOWS\SYSTEM32\DBGHELP.DLL
0x00007ffc1a3b0000 - 0x00007ffc1a734000 	C:\WINDOWS\System32\combase.dll
0x00007ffc18e70000 - 0x00007ffc18f50000 	C:\WINDOWS\System32\OLEAUT32.dll
0x00007ffbfd180000 - 0x00007ffbfd1b9000 	C:\WINDOWS\SYSTEM32\dbgcore.DLL
0x00007ffc185f0000 - 0x00007ffc18689000 	C:\WINDOWS\System32\bcryptPrimitives.dll
0x00007ffc0fd20000 - 0x00007ffc0fd2e000 	C:\Program Files\Java\jdk-17\bin\instrument.dll
0x00007ffc0fc30000 - 0x00007ffc0fc55000 	C:\Program Files\Java\jdk-17\bin\java.dll
0x00007ffc09120000 - 0x00007ffc091f7000 	C:\Program Files\Java\jdk-17\bin\jsvml.dll
0x00007ffc199f0000 - 0x00007ffc1a11d000 	C:\WINDOWS\System32\SHELL32.dll
0x00007ffc17f50000 - 0x00007ffc180c4000 	C:\WINDOWS\System32\wintypes.dll
0x00007ffc15760000 - 0x00007ffc15fb6000 	C:\WINDOWS\SYSTEM32\windows.storage.dll
0x00007ffc18a80000 - 0x00007ffc18b6f000 	C:\WINDOWS\System32\SHCORE.dll
0x00007ffc18cf0000 - 0x00007ffc18d59000 	C:\WINDOWS\System32\shlwapi.dll
0x00007ffc17a20000 - 0x00007ffc17a4f000 	C:\WINDOWS\SYSTEM32\profapi.dll
0x00007ffc0a2a0000 - 0x00007ffc0a2b8000 	C:\Program Files\Java\jdk-17\bin\zip.dll
0x00007ffc0fc10000 - 0x00007ffc0fc29000 	C:\Program Files\Java\jdk-17\bin\net.dll
0x00007ffc09f40000 - 0x00007ffc0a05e000 	C:\WINDOWS\SYSTEM32\WINHTTP.dll
0x00007ffc16f60000 - 0x00007ffc16fca000 	C:\WINDOWS\system32\mswsock.dll
0x00007ffc0f100000 - 0x00007ffc0f116000 	C:\Program Files\Java\jdk-17\bin\nio.dll
0x00007ffc09310000 - 0x00007ffc0932a000 	C:\Program Files\JetBrains\IntelliJ IDEA 2024.2.4\bin\breakgen64.dll
0x00007ffc16440000 - 0x00007ffc16567000 	C:\WINDOWS\SYSTEM32\DNSAPI.dll
0x00007ffc163a0000 - 0x00007ffc163d3000 	C:\WINDOWS\SYSTEM32\IPHLPAPI.DLL
0x00007ffc18f60000 - 0x00007ffc18f6a000 	C:\WINDOWS\System32\NSI.dll
0x00007ffc072a0000 - 0x00007ffc072ab000 	C:\Windows\System32\rasadhlp.dll
0x00007ffc08f10000 - 0x00007ffc08f96000 	C:\WINDOWS\System32\fwpuclnt.dll
0x00007ffc0fc00000 - 0x00007ffc0fc0a000 	C:\Program Files\Java\jdk-17\bin\management.dll
0x00007ffc0f0f0000 - 0x00007ffc0f0fb000 	C:\Program Files\Java\jdk-17\bin\management_ext.dll
0x00007ffc17210000 - 0x00007ffc1722c000 	C:\WINDOWS\SYSTEM32\CRYPTSP.dll
0x00007ffc16930000 - 0x00007ffc1696a000 	C:\WINDOWS\system32\rsaenh.dll
0x00007ffc17000000 - 0x00007ffc1702b000 	C:\WINDOWS\SYSTEM32\USERENV.dll
0x00007ffc179f0000 - 0x00007ffc17a16000 	C:\WINDOWS\SYSTEM32\bcrypt.dll
0x00007ffc17200000 - 0x00007ffc1720c000 	C:\WINDOWS\SYSTEM32\CRYPTBASE.dll
0x00007ffc09c50000 - 0x00007ffc09c6f000 	C:\WINDOWS\SYSTEM32\dhcpcsvc6.DLL
0x00007ffc09c00000 - 0x00007ffc09c25000 	C:\WINDOWS\SYSTEM32\dhcpcsvc.DLL
0x00007ffbf5740000 - 0x00007ffbf5758000 	C:\WINDOWS\system32\napinsp.dll
0x00007ffbf4fa0000 - 0x00007ffbf4fb2000 	C:\WINDOWS\System32\winrnr.dll
0x00007ffbf4f60000 - 0x00007ffbf4f90000 	C:\WINDOWS\system32\nlansp_c.dll
0x00007ffc09be0000 - 0x00007ffc09bf6000 	C:\WINDOWS\system32\wshbth.dll
0x00007ffbfee50000 - 0x00007ffbfee9e000 	C:\WINDOWS\SYSTEM32\pdh.dll
0x00007ffc090a0000 - 0x00007ffc090b2000 	C:\WINDOWS\System32\perfproc.dll
0x00007ffc09300000 - 0x00007ffc0930e000 	C:\Program Files\Java\jdk-17\bin\sunmscapi.dll
0x00007ffc17dd0000 - 0x00007ffc17f47000 	C:\WINDOWS\System32\CRYPT32.dll
0x00007ffc17410000 - 0x00007ffc17440000 	C:\WINDOWS\SYSTEM32\ncrypt.dll
0x00007ffc173c0000 - 0x00007ffc173ff000 	C:\WINDOWS\SYSTEM32\NTASN1.dll
0x00007ffc090d0000 - 0x00007ffc090e0000 	C:\Program Files\Java\jdk-17\bin\verify.dll
0x00007ffbf7180000 - 0x00007ffbf7188000 	C:\WINDOWS\system32\wshunix.dll

dbghelp: loaded successfully - version: 4.0.5 - missing functions: none
symbol engine: initialized successfully - sym options: 0x614 - pdb path: .;C:\Program Files\Java\jdk-17\bin;C:\WINDOWS\SYSTEM32;C:\WINDOWS\WinSxS\amd64_microsoft.windows.common-controls_6595b64144ccf1df_6.0.26100.3912_none_3e07963ce335137e;C:\Program Files\Java\jdk-17\bin\server;C:\Program Files\JetBrains\IntelliJ IDEA 2024.2.4\bin

VM Arguments:
jvm_args: -XX:TieredStopAtLevel=1 -Dspring.output.ansi.enabled=always -Dcom.sun.management.jmxremote -Dspring.jmx.enabled=true -Dspring.liveBeansView.mbeanDomain -Dspring.application.admin.enabled=true -Dmanagement.endpoints.jmx.exposure.include=* -javaagent:C:\Program Files\JetBrains\IntelliJ IDEA 2024.2.4\lib\idea_rt.jar=51486:C:\Program Files\JetBrains\IntelliJ IDEA 2024.2.4\bin -Dfile.encoding=UTF-8 
java_command: com.example.SpringBoot.LearningSpringBoot.LearningSpringBootApplication
java_class_path (initial): D:\LearningSpringBoot\target\classes;C:\Users\Saurabh Srivastav\.m2\repository\org\springframework\boot\spring-boot-starter\3.4.4\spring-boot-starter-3.4.4.jar;C:\Users\Saurabh Srivastav\.m2\repository\org\springframework\boot\spring-boot-starter-logging\3.4.4\spring-boot-starter-logging-3.4.4.jar;C:\Users\Saurabh Srivastav\.m2\repository\ch\qos\logback\logback-classic\1.5.18\logback-classic-1.5.18.jar;C:\Users\Saurabh Srivastav\.m2\repository\ch\qos\logback\logback-core\1.5.18\logback-core-1.5.18.jar;C:\Users\Saurabh Srivastav\.m2\repository\org\apache\logging\log4j\log4j-to-slf4j\2.24.3\log4j-to-slf4j-2.24.3.jar;C:\Users\Saurabh Srivastav\.m2\repository\org\apache\logging\log4j\log4j-api\2.24.3\log4j-api-2.24.3.jar;C:\Users\Saurabh Srivastav\.m2\repository\org\slf4j\jul-to-slf4j\2.0.17\jul-to-slf4j-2.0.17.jar;C:\Users\Saurabh Srivastav\.m2\repository\jakarta\annotation\jakarta.annotation-api\2.1.1\jakarta.annotation-api-2.1.1.jar;C:\Users\Saurabh Srivastav\.m2\repository\org\yaml\snakeyaml\2.3\snakeyaml-2.3.jar;C:\Users\Saurabh Srivastav\.m2\repository\org\slf4j\slf4j-api\2.0.17\slf4j-api-2.0.17.jar;C:\Users\Saurabh Srivastav\.m2\repository\jakarta\xml\bind\jakarta.xml.bind-api\4.0.2\jakarta.xml.bind-api-4.0.2.jar;C:\Users\Saurabh Srivastav\.m2\repository\jakarta\activation\jakarta.activation-api\2.1.3\jakarta.activation-api-2.1.3.jar;C:\Users\Saurabh Srivastav\.m2\repository\net\bytebuddy\byte-buddy\1.15.11\byte-buddy-1.15.11.jar;C:\Users\Saurabh Srivastav\.m2\repository\org\springframework\spring-core\6.2.5\spring-core-6.2.5.jar;C:\Users\Saurabh Srivastav\.m2\repository\org\springframework\spring-jcl\6.2.5\spring-jcl-6.2.5.jar;C:\Users\Saurabh Srivastav\.m2\repository\org\springframework\boot\spring-boot-starter-validation\3.4.4\spring-boot-starter-validation-3.4.4.jar;C:\Users\Saurabh Srivastav\.m2\repository\org\apache\tomcat\embed\tomcat-embed-el\10.1.39\tomcat-embed-el-10.1.39.jar;C:\Users\Saurabh Srivastav\.m2\repository\org\hib
Launcher Type: SUN_STANDARD

[Global flags]
     intx CICompilerCount                          = 4                                         {product} {ergonomic}
     uint ConcGCThreads                            = 2                                         {product} {ergonomic}
     uint G1ConcRefinementThreads                  = 8                                         {product} {ergonomic}
   size_t G1HeapRegionSize                         = 2097152                                   {product} {ergonomic}
    uintx GCDrainStackTargetSize                   = 64                                        {product} {ergonomic}
   size_t InitialHeapSize                          = 266338304                                 {product} {ergonomic}
     bool ManagementServer                         = true                                      {product} {command line}
   size_t MarkStackSize                            = 4194304                                   {product} {ergonomic}
   size_t MaxHeapSize                              = 4253024256                                {product} {ergonomic}
   size_t MaxNewSize                               = 2550136832                                {product} {ergonomic}
   size_t MinHeapDeltaBytes                        = 2097152                                   {product} {ergonomic}
   size_t MinHeapSize                              = 8388608                                   {product} {ergonomic}
    uintx NonProfiledCodeHeapSize                  = 0                                      {pd product} {ergonomic}
     bool ProfileInterpreter                       = false                                  {pd product} {command line}
    uintx ProfiledCodeHeapSize                     = 0                                      {pd product} {ergonomic}
   size_t SoftMaxHeapSize                          = 4253024256                             {manageable} {ergonomic}
     intx TieredStopAtLevel                        = 1                                         {product} {command line}
     bool UseCompressedClassPointers               = true                           {product lp64_product} {ergonomic}
     bool UseCompressedOops                        = true                           {product lp64_product} {ergonomic}
     bool UseG1GC                                  = true                                      {product} {ergonomic}
     bool UseLargePagesIndividualAllocation        = false                                  {pd product} {ergonomic}

Logging:
Log output configuration:
 #0: stdout all=warning uptime,level,tags
 #1: stderr all=off uptime,level,tags

Environment Variables:
PATH=C:\Python313\Scripts\;C:\Python313\;C:\Program Files\Common Files\Oracle\Java\javapath;C:\Windows\system32;C:\Windows;C:\Windows\System32\Wbem;C:\Windows\System32\WindowsPowerShell\v1.0\;C:\Windows\System32\OpenSSH\;C:\Program Files (x86)\NVIDIA Corporation\PhysX\Common;C:\Program Files\NVIDIA Corporation\NVIDIA NvDLISR;C:\WINDOWS\system32;C:\WINDOWS;C:\WINDOWS\System32\Wbem;C:\WINDOWS\System32\WindowsPowerShell\v1.0\;C:\WINDOWS\System32\OpenSSH\;C:\MinGW\bin;C:\Program Files\Git\cmd;C:\Program Files\Git\mingw64\bin;C:\Program Files\Git\usr\bin;C:\Program Files\dotnet\;C:\ProgramData\chocolatey\bin;C:\Program Files\Java\jdk-17\bin;C:\Program Files\PostgreSQL\17\bin;C:\Program Files\Docker\Docker\resources\bin;C:\maven\apache-maven-3.9.9\bin;C:\Program Files\nodejs\;C:\Program Files\MongoDB\Server\8.0\bin;C:\Users\Saurabh Srivastav\AppData\Local\Microsoft\WindowsApps;C:\Users\Saurabh Srivastav\AppData\Local\Programs\Microsoft VS Code\bin;C:\Program Files\JetBrains\IntelliJ IDEA Community Edition 2024.2.3\bin;;C:\Users\Saurabh Srivastav\AppData\Local\Programs\mongosh\;C:\Program Files\JetBrains\IntelliJ IDEA 2024.2.4\bin;;C:\Users\Saurabh Srivastav\AppData\Roaming\npm;C:\Program Files\MongoDB\Server\8.0\bin;
USERNAME=Saurabh Srivastav
OS=Windows_NT
PROCESSOR_IDENTIFIER=Intel64 Family 6 Model 165 Stepping 2, GenuineIntel



---------------  S Y S T E M  ---------------

OS:
 Windows 11 , 64 bit Build 26100 (10.0.26100.3912)
OS uptime: 0 days 0:27 hours
Hyper-V role detected

CPU: total 8 (initial active 8) (4 cores per cpu, 2 threads per core) family 6 model 165 stepping 2 microcode 0xe0, cx8, cmov, fxsr, ht, mmx, 3dnowpref, sse, sse2, sse3, ssse3, sse4.1, sse4.2, popcnt, lzcnt, tsc, tscinvbit, avx, avx2, aes, erms, clmul, bmi1, bmi2, adx, fma, vzeroupper, clflush, clflushopt, hv

Memory: 4k page, system-wide physical 16221M (5445M free)
TotalPageFile size 16221M (AvailPageFile size 2M)
current process WorkingSet (physical memory assigned to process): 231M, peak: 232M
current process commit charge ("private bytes"): 270M, peak: 384M

vm_info: Java HotSpot(TM) 64-Bit Server VM (17.0.12+8-LTS-286) for windows-amd64 JRE (17.0.12+8-LTS-286), built on Jun  5 2024 06:46:59 by "mach5one" with MS VC++ 17.6 (VS2022)

END.
